c:\users\user\source\repos\cra\cra\x64\debug\vc143.pdb
c:\users\user\source\repos\cra\cra\x64\debug\vc143.idb
c:\users\user\source\repos\cra\cra\x64\debug\gmock-all.obj
c:\users\user\source\repos\cra\cra\x64\debug\gtest-all.obj
c:\users\user\source\repos\cra\cra\x64\debug\testproducer.obj
c:\users\user\source\repos\cra\cra\x64\debug\main.obj
c:\users\user\source\repos\cra\cra\x64\debug\validcheck.obj
c:\users\user\source\repos\cra\cra\x64\debug\runproducercar.obj
c:\users\user\source\repos\cra\cra\x64\debug\test.obj
c:\users\user\source\repos\cra\x64\debug\cra.exe
c:\users\user\source\repos\cra\x64\debug\cra.pdb
c:\users\user\source\repos\cra\cra\x64\debug\cra.ilk
c:\users\user\source\repos\cra\cra\x64\debug\cra.tlog\cl.command.1.tlog
c:\users\user\source\repos\cra\cra\x64\debug\cra.tlog\cl.items.tlog
c:\users\user\source\repos\cra\cra\x64\debug\cra.tlog\cl.read.1.tlog
c:\users\user\source\repos\cra\cra\x64\debug\cra.tlog\cl.write.1.tlog
c:\users\user\source\repos\cra\cra\x64\debug\cra.tlog\link.command.1.tlog
c:\users\user\source\repos\cra\cra\x64\debug\cra.tlog\link.read.1.tlog
c:\users\user\source\repos\cra\cra\x64\debug\cra.tlog\link.secondary.1.tlog
c:\users\user\source\repos\cra\cra\x64\debug\cra.tlog\link.write.1.tlog
